{"total": {"lines":{"total":411,"covered":277,"skipped":0,"pct":67.39},"statements":{"total":422,"covered":285,"skipped":0,"pct":67.53},"functions":{"total":114,"covered":57,"skipped":0,"pct":50},"branches":{"total":50,"covered":25,"skipped":0,"pct":50},"branchesTrue":{"total":0,"covered":0,"skipped":0,"pct":100}}
,"/Users/archiesanger-davis/dev/personal/honours-project/pto-app/App.tsx": {"lines":{"total":36,"covered":29,"skipped":0,"pct":80.55},"functions":{"total":5,"covered":5,"skipped":0,"pct":100},"statements":{"total":36,"covered":29,"skipped":0,"pct":80.55},"branches":{"total":12,"covered":7,"skipped":0,"pct":58.33}}
,"/Users/archiesanger-davis/dev/personal/honours-project/pto-app/src/context/UserContext.ts": {"lines":{"total":2,"covered":2,"skipped":0,"pct":100},"functions":{"total":0,"covered":0,"skipped":0,"pct":100},"statements":{"total":2,"covered":2,"skipped":0,"pct":100},"branches":{"total":0,"covered":0,"skipped":0,"pct":100}}
,"/Users/archiesanger-davis/dev/personal/honours-project/pto-app/src/firebase/firebaseConfig.ts": {"lines":{"total":12,"covered":12,"skipped":0,"pct":100},"functions":{"total":0,"covered":0,"skipped":0,"pct":100},"statements":{"total":14,"covered":14,"skipped":0,"pct":100},"branches":{"total":1,"covered":1,"skipped":0,"pct":100}}
,"/Users/archiesanger-davis/dev/personal/honours-project/pto-app/src/firebase/auth/SignInWithEmailAndPassword.ts": {"lines":{"total":7,"covered":3,"skipped":0,"pct":42.85},"functions":{"total":3,"covered":0,"skipped":0,"pct":0},"statements":{"total":7,"covered":3,"skipped":0,"pct":42.85},"branches":{"total":0,"covered":0,"skipped":0,"pct":100}}
,"/Users/archiesanger-davis/dev/personal/honours-project/pto-app/src/firebase/firestore/AddUser.ts": {"lines":{"total":14,"covered":4,"skipped":0,"pct":28.57},"functions":{"total":4,"covered":0,"skipped":0,"pct":0},"statements":{"total":14,"covered":4,"skipped":0,"pct":28.57},"branches":{"total":0,"covered":0,"skipped":0,"pct":100}}
,"/Users/archiesanger-davis/dev/personal/honours-project/pto-app/src/firebase/firestore/DeleteUser.ts": {"lines":{"total":7,"covered":3,"skipped":0,"pct":42.85},"functions":{"total":1,"covered":0,"skipped":0,"pct":0},"statements":{"total":7,"covered":3,"skipped":0,"pct":42.85},"branches":{"total":0,"covered":0,"skipped":0,"pct":100}}
,"/Users/archiesanger-davis/dev/personal/honours-project/pto-app/src/firebase/firestore/GetAllManagers.ts": {"lines":{"total":12,"covered":3,"skipped":0,"pct":25},"functions":{"total":2,"covered":0,"skipped":0,"pct":0},"statements":{"total":12,"covered":3,"skipped":0,"pct":25},"branches":{"total":0,"covered":0,"skipped":0,"pct":100}}
,"/Users/archiesanger-davis/dev/personal/honours-project/pto-app/src/firebase/firestore/GetAllUsers.ts": {"lines":{"total":12,"covered":3,"skipped":0,"pct":25},"functions":{"total":2,"covered":0,"skipped":0,"pct":0},"statements":{"total":12,"covered":3,"skipped":0,"pct":25},"branches":{"total":0,"covered":0,"skipped":0,"pct":100}}
,"/Users/archiesanger-davis/dev/personal/honours-project/pto-app/src/firebase/firestore/GetCurrentUserData.ts": {"lines":{"total":9,"covered":3,"skipped":0,"pct":33.33},"functions":{"total":1,"covered":0,"skipped":0,"pct":0},"statements":{"total":9,"covered":3,"skipped":0,"pct":33.33},"branches":{"total":0,"covered":0,"skipped":0,"pct":100}}
,"/Users/archiesanger-davis/dev/personal/honours-project/pto-app/src/firebase/firestore/GetSubordinates.ts": {"lines":{"total":13,"covered":0,"skipped":0,"pct":0},"functions":{"total":3,"covered":0,"skipped":0,"pct":0},"statements":{"total":13,"covered":0,"skipped":0,"pct":0},"branches":{"total":0,"covered":0,"skipped":0,"pct":100}}
,"/Users/archiesanger-davis/dev/personal/honours-project/pto-app/src/firebase/firestore/GetUserDataById.ts": {"lines":{"total":8,"covered":7,"skipped":0,"pct":87.5},"functions":{"total":1,"covered":1,"skipped":0,"pct":100},"statements":{"total":8,"covered":7,"skipped":0,"pct":87.5},"branches":{"total":0,"covered":0,"skipped":0,"pct":100}}
,"/Users/archiesanger-davis/dev/personal/honours-project/pto-app/src/firebase/firestore/SetUserProfileData.ts": {"lines":{"total":6,"covered":3,"skipped":0,"pct":50},"functions":{"total":1,"covered":0,"skipped":0,"pct":0},"statements":{"total":6,"covered":3,"skipped":0,"pct":50},"branches":{"total":0,"covered":0,"skipped":0,"pct":100}}
,"/Users/archiesanger-davis/dev/personal/honours-project/pto-app/src/firebase/firestore/VerifyUser.ts": {"lines":{"total":10,"covered":7,"skipped":0,"pct":70},"functions":{"total":1,"covered":1,"skipped":0,"pct":100},"statements":{"total":10,"covered":7,"skipped":0,"pct":70},"branches":{"total":1,"covered":0,"skipped":0,"pct":0}}
,"/Users/archiesanger-davis/dev/personal/honours-project/pto-app/src/navigation/AppDrawerNavigator.tsx": {"lines":{"total":18,"covered":6,"skipped":0,"pct":33.33},"functions":{"total":6,"covered":0,"skipped":0,"pct":0},"statements":{"total":19,"covered":6,"skipped":0,"pct":31.57},"branches":{"total":4,"covered":0,"skipped":0,"pct":0}}
,"/Users/archiesanger-davis/dev/personal/honours-project/pto-app/src/navigation/LogoutDrawerContent.tsx": {"lines":{"total":10,"covered":6,"skipped":0,"pct":60},"functions":{"total":4,"covered":0,"skipped":0,"pct":0},"statements":{"total":10,"covered":6,"skipped":0,"pct":60},"branches":{"total":0,"covered":0,"skipped":0,"pct":100}}
,"/Users/archiesanger-davis/dev/personal/honours-project/pto-app/src/screens/index.ts": {"lines":{"total":6,"covered":6,"skipped":0,"pct":100},"functions":{"total":6,"covered":1,"skipped":0,"pct":16.66},"statements":{"total":12,"covered":12,"skipped":0,"pct":100},"branches":{"total":0,"covered":0,"skipped":0,"pct":100}}
,"/Users/archiesanger-davis/dev/personal/honours-project/pto-app/src/screens/AdminUserProfileScreen/AdminUserProfileScreen.tsx": {"lines":{"total":74,"covered":41,"skipped":0,"pct":55.4},"functions":{"total":23,"covered":8,"skipped":0,"pct":34.78},"statements":{"total":74,"covered":41,"skipped":0,"pct":55.4},"branches":{"total":13,"covered":2,"skipped":0,"pct":15.38}}
,"/Users/archiesanger-davis/dev/personal/honours-project/pto-app/src/screens/AdminUserProfileScreen/styles.ts": {"lines":{"total":2,"covered":2,"skipped":0,"pct":100},"functions":{"total":0,"covered":0,"skipped":0,"pct":100},"statements":{"total":2,"covered":2,"skipped":0,"pct":100},"branches":{"total":0,"covered":0,"skipped":0,"pct":100}}
,"/Users/archiesanger-davis/dev/personal/honours-project/pto-app/src/screens/CalendarScreen/CalendarScreen.tsx": {"lines":{"total":31,"covered":17,"skipped":0,"pct":54.83},"functions":{"total":11,"covered":3,"skipped":0,"pct":27.27},"statements":{"total":33,"covered":17,"skipped":0,"pct":51.51},"branches":{"total":4,"covered":0,"skipped":0,"pct":0}}
,"/Users/archiesanger-davis/dev/personal/honours-project/pto-app/src/screens/CalendarScreen/styles.ts": {"lines":{"total":2,"covered":2,"skipped":0,"pct":100},"functions":{"total":0,"covered":0,"skipped":0,"pct":100},"statements":{"total":2,"covered":2,"skipped":0,"pct":100},"branches":{"total":0,"covered":0,"skipped":0,"pct":100}}
,"/Users/archiesanger-davis/dev/personal/honours-project/pto-app/src/screens/EmployeeActivityScreen/EmployeeActivityScreen.tsx": {"lines":{"total":15,"covered":13,"skipped":0,"pct":86.66},"functions":{"total":7,"covered":5,"skipped":0,"pct":71.42},"statements":{"total":15,"covered":13,"skipped":0,"pct":86.66},"branches":{"total":0,"covered":0,"skipped":0,"pct":100}}
,"/Users/archiesanger-davis/dev/personal/honours-project/pto-app/src/screens/EmployeeActivityScreen/styles.ts": {"lines":{"total":2,"covered":2,"skipped":0,"pct":100},"functions":{"total":0,"covered":0,"skipped":0,"pct":100},"statements":{"total":2,"covered":2,"skipped":0,"pct":100},"branches":{"total":0,"covered":0,"skipped":0,"pct":100}}
,"/Users/archiesanger-davis/dev/personal/honours-project/pto-app/src/screens/LoginScreen/LoginScreen.tsx": {"lines":{"total":17,"covered":17,"skipped":0,"pct":100},"functions":{"total":6,"covered":6,"skipped":0,"pct":100},"statements":{"total":17,"covered":17,"skipped":0,"pct":100},"branches":{"total":0,"covered":0,"skipped":0,"pct":100}}
,"/Users/archiesanger-davis/dev/personal/honours-project/pto-app/src/screens/LoginScreen/styles.ts": {"lines":{"total":2,"covered":2,"skipped":0,"pct":100},"functions":{"total":0,"covered":0,"skipped":0,"pct":100},"statements":{"total":2,"covered":2,"skipped":0,"pct":100},"branches":{"total":0,"covered":0,"skipped":0,"pct":100}}
,"/Users/archiesanger-davis/dev/personal/honours-project/pto-app/src/screens/RegistrationScreen/RegistrationScreen.tsx": {"lines":{"total":47,"covered":47,"skipped":0,"pct":100},"functions":{"total":15,"covered":15,"skipped":0,"pct":100},"statements":{"total":47,"covered":47,"skipped":0,"pct":100},"branches":{"total":14,"covered":14,"skipped":0,"pct":100}}
,"/Users/archiesanger-davis/dev/personal/honours-project/pto-app/src/screens/RegistrationScreen/styles.ts": {"lines":{"total":2,"covered":2,"skipped":0,"pct":100},"functions":{"total":0,"covered":0,"skipped":0,"pct":100},"statements":{"total":2,"covered":2,"skipped":0,"pct":100},"branches":{"total":0,"covered":0,"skipped":0,"pct":100}}
,"/Users/archiesanger-davis/dev/personal/honours-project/pto-app/src/screens/UserProfileScreen/UserProfileScreen.tsx": {"lines":{"total":33,"covered":33,"skipped":0,"pct":100},"functions":{"total":12,"covered":12,"skipped":0,"pct":100},"statements":{"total":33,"covered":33,"skipped":0,"pct":100},"branches":{"total":1,"covered":1,"skipped":0,"pct":100}}
,"/Users/archiesanger-davis/dev/personal/honours-project/pto-app/src/screens/UserProfileScreen/styles.ts": {"lines":{"total":2,"covered":2,"skipped":0,"pct":100},"functions":{"total":0,"covered":0,"skipped":0,"pct":100},"statements":{"total":2,"covered":2,"skipped":0,"pct":100},"branches":{"total":0,"covered":0,"skipped":0,"pct":100}}
,"/Users/archiesanger-davis/dev/personal/honours-project/pto-app/src/types/AppUser.d.ts": {"lines":{"total":0,"covered":0,"skipped":0,"pct":100},"functions":{"total":0,"covered":0,"skipped":0,"pct":100},"statements":{"total":0,"covered":0,"skipped":0,"pct":100},"branches":{"total":0,"covered":0,"skipped":0,"pct":100}}
}
