TN:
SF:App.tsx
FN:23,App
FN:27,verifyUser
FN:41,(anonymous_9)
FN:47,onAuthStateChanged
FN:54,(anonymous_11)
FNF:5
FNH:5
FNDA:4,App
FNDA:1,verifyUser
FNDA:4,(anonymous_9)
FNDA:2,onAuthStateChanged
FNDA:3,(anonymous_11)
DA:1,1
DA:2,1
DA:3,1
DA:4,1
DA:5,1
DA:6,1
DA:7,1
DA:8,1
DA:9,1
DA:10,1
DA:11,1
DA:12,1
DA:14,1
DA:15,0
DA:17,1
DA:18,0
DA:21,1
DA:23,1
DA:24,4
DA:25,4
DA:28,1
DA:29,0
DA:30,0
DA:31,0
DA:32,0
DA:37,0
DA:41,4
DA:42,4
DA:43,1
DA:48,2
DA:49,2
DA:50,1
DA:54,4
DA:55,3
DA:56,3
DA:59,4
LF:36
LH:29
BRDA:14,0,0,0
BRDA:17,1,0,0
BRDA:28,2,0,0
BRDA:28,2,1,0
BRDA:28,3,0,1
BRDA:28,3,1,1
BRDA:42,4,0,1
BRDA:49,5,0,1
BRDA:63,6,0,0
BRDA:63,6,1,4
BRDA:63,7,0,4
BRDA:63,7,1,1
BRF:12
BRH:7
end_of_record
TN:
SF:src/context/UserContext.ts
FNF:0
FNH:0
DA:2,3
DA:4,3
LF:2
LH:2
BRF:0
BRH:0
end_of_record
TN:
SF:src/firebase/firebaseConfig.ts
FNF:0
FNH:0
DA:1,2
DA:2,2
DA:3,2
DA:6,2
DA:17,2
DA:19,2
DA:20,2
DA:22,2
DA:23,2
DA:24,2
DA:25,2
DA:28,2
LF:12
LH:12
BRDA:22,0,0,2
BRF:1
BRH:1
end_of_record
TN:
SF:src/firebase/auth/SignInWithEmailAndPassword.ts
FN:4,SignInWithEmailAndPassword
FN:8,(anonymous_1)
FN:10,(anonymous_2)
FNF:3
FNH:0
FNDA:0,SignInWithEmailAndPassword
FNDA:0,(anonymous_1)
FNDA:0,(anonymous_2)
DA:1,1
DA:2,1
DA:4,1
DA:8,0
DA:9,0
DA:11,0
DA:12,0
LF:7
LH:3
BRF:0
BRH:0
end_of_record
TN:
SF:src/firebase/firestore/AddUser.ts
FN:5,AddUser
FN:12,(anonymous_1)
FN:20,(anonymous_2)
FN:25,(anonymous_3)
FNF:4
FNH:0
FNDA:0,AddUser
FNDA:0,(anonymous_1)
FNDA:0,(anonymous_2)
FNDA:0,(anonymous_3)
DA:1,1
DA:2,1
DA:3,1
DA:5,1
DA:6,0
DA:7,0
DA:13,0
DA:14,0
DA:15,0
DA:16,0
DA:21,0
DA:22,0
DA:26,0
DA:27,0
LF:14
LH:4
BRF:0
BRH:0
end_of_record
TN:
SF:src/firebase/firestore/DeleteUser.ts
FN:4,DeleteUser
FNF:1
FNH:0
FNDA:0,DeleteUser
DA:1,2
DA:2,2
DA:4,2
DA:5,0
DA:6,0
DA:8,0
DA:9,0
LF:7
LH:3
BRF:0
BRH:0
end_of_record
TN:
SF:src/firebase/firestore/GetAllManagers.ts
FN:4,GetAllManagers
FN:14,(anonymous_1)
FNF:2
FNH:0
FNDA:0,GetAllManagers
FNDA:0,(anonymous_1)
DA:1,1
DA:2,1
DA:4,1
DA:5,0
DA:6,0
DA:10,0
DA:12,0
DA:14,0
DA:15,0
DA:22,0
DA:24,0
DA:25,0
LF:12
LH:3
BRF:0
BRH:0
end_of_record
TN:
SF:src/firebase/firestore/GetAllUsers.ts
FN:4,GetAllUsers
FN:14,(anonymous_1)
FNF:2
FNH:0
FNDA:0,GetAllUsers
FNDA:0,(anonymous_1)
DA:1,1
DA:2,1
DA:4,1
DA:5,0
DA:6,0
DA:10,0
DA:12,0
DA:14,0
DA:15,0
DA:22,0
DA:24,0
DA:25,0
LF:12
LH:3
BRF:0
BRH:0
end_of_record
TN:
SF:src/firebase/firestore/GetCurrentUserData.ts
FN:5,GetCurrentUserData
FNF:1
FNH:0
FNDA:0,GetCurrentUserData
DA:1,1
DA:2,1
DA:5,1
DA:6,0
DA:8,0
DA:11,0
DA:15,0
DA:26,0
DA:27,0
LF:9
LH:3
BRF:0
BRH:0
end_of_record
TN:
SF:src/firebase/firestore/GetSubordinates.ts
FN:6,GetSubordinates
FN:16,(anonymous_2)
FN:17,(anonymous_3)
FNF:3
FNH:0
FNDA:0,GetSubordinates
FNDA:0,(anonymous_2)
FNDA:0,(anonymous_3)
DA:1,0
DA:2,0
DA:4,0
DA:6,0
DA:9,0
DA:10,0
DA:14,0
DA:16,0
DA:17,0
DA:18,0
DA:24,0
DA:26,0
DA:27,0
LF:13
LH:0
BRF:0
BRH:0
end_of_record
TN:
SF:src/firebase/firestore/GetUserDataById.ts
FN:5,GetUserDataById
FNF:1
FNH:1
FNDA:1,GetUserDataById
DA:1,2
DA:3,2
DA:5,2
DA:6,1
DA:7,1
DA:10,0
DA:21,1
DA:22,1
LF:8
LH:7
BRF:0
BRH:0
end_of_record
TN:
SF:src/firebase/firestore/SetUserProfileData.ts
FN:4,SetUserProfileData
FNF:1
FNH:0
FNDA:0,SetUserProfileData
DA:1,2
DA:2,2
DA:4,2
DA:5,0
DA:6,0
DA:8,0
LF:6
LH:3
BRF:0
BRH:0
end_of_record
TN:
SF:src/firebase/firestore/VerifyUser.ts
FN:4,VerifyUser
FNF:1
FNH:1
FNDA:1,VerifyUser
DA:1,1
DA:2,1
DA:4,1
DA:5,1
DA:6,1
DA:9,0
DA:10,0
DA:12,0
DA:14,1
DA:15,1
LF:10
LH:7
BRDA:9,0,0,0
BRF:1
BRH:0
end_of_record
TN:
SF:src/navigation/AppDrawerNavigator.tsx
FN:13,AppDrawerNavigator
FN:16,(anonymous_8)
FN:17,(anonymous_9)
FN:26,(anonymous_10)
FN:43,(anonymous_11)
FN:55,(anonymous_12)
FNF:6
FNH:0
FNDA:0,AppDrawerNavigator
FNDA:0,(anonymous_8)
FNDA:0,(anonymous_9)
FNDA:0,(anonymous_10)
FNDA:0,(anonymous_11)
FNDA:0,(anonymous_12)
DA:1,1
DA:2,1
DA:3,1
DA:10,1
DA:11,1
DA:13,1
DA:14,0
DA:16,0
DA:17,0
DA:20,0
DA:22,0
DA:24,0
DA:26,0
DA:41,0
DA:43,0
DA:53,0
DA:55,0
DA:64,0
LF:18
LH:6
BRDA:22,0,0,0
BRDA:22,0,1,0
BRDA:22,0,2,0
BRDA:22,0,3,0
BRF:4
BRH:0
end_of_record
TN:
SF:src/navigation/LogoutDrawerContent.tsx
FN:11,LogoutDrawerContent
FN:17,(anonymous_2)
FN:19,(anonymous_3)
FN:20,(anonymous_4)
FNF:4
FNH:0
FNDA:0,LogoutDrawerContent
FNDA:0,(anonymous_2)
FNDA:0,(anonymous_3)
FNDA:0,(anonymous_4)
DA:1,1
DA:6,1
DA:7,1
DA:8,1
DA:9,1
DA:11,1
DA:12,0
DA:18,0
DA:19,0
DA:21,0
LF:10
LH:6
BRF:0
BRH:0
end_of_record
TN:
SF:src/screens/index.ts
FN:1,(anonymous_1)
FN:3,(anonymous_2)
FN:5,(anonymous_3)
FN:7,(anonymous_4)
FN:9,(anonymous_5)
FN:11,(anonymous_6)
FNF:6
FNH:1
FNDA:0,(anonymous_1)
FNDA:0,(anonymous_2)
FNDA:4,(anonymous_3)
FNDA:0,(anonymous_4)
FNDA:0,(anonymous_5)
FNDA:0,(anonymous_6)
DA:1,1
DA:3,1
DA:5,5
DA:7,1
DA:9,1
DA:11,1
LF:6
LH:6
BRF:0
BRH:0
end_of_record
TN:
SF:src/screens/AdminUserProfileScreen/AdminUserProfileScreen.tsx
FN:17,AdminUserProfileScreen
FN:33,RenderUserData
FN:44,RenderUserLists
FN:46,(anonymous_10)
FN:47,(anonymous_11)
FN:49,(anonymous_12)
FN:50,(anonymous_13)
FN:53,createUserDataObject
FN:61,HandleUpdateBtn
FN:69,(anonymous_16)
FN:85,(anonymous_17)
FN:108,HandleRemoveUserBtn
FN:115,(anonymous_19)
FN:131,(anonymous_20)
FN:135,(anonymous_21)
FN:139,(anonymous_22)
FN:175,(anonymous_23)
FN:189,(anonymous_24)
FN:203,(anonymous_25)
FN:247,(anonymous_26)
FN:261,(anonymous_27)
FN:272,(anonymous_28)
FN:281,(anonymous_29)
FNF:23
FNH:8
FNDA:7,AdminUserProfileScreen
FNDA:1,RenderUserData
FNDA:2,RenderUserLists
FNDA:2,(anonymous_10)
FNDA:0,(anonymous_11)
FNDA:2,(anonymous_12)
FNDA:0,(anonymous_13)
FNDA:0,createUserDataObject
FNDA:0,HandleUpdateBtn
FNDA:0,(anonymous_16)
FNDA:0,(anonymous_17)
FNDA:0,HandleRemoveUserBtn
FNDA:0,(anonymous_19)
FNDA:1,(anonymous_20)
FNDA:5,(anonymous_21)
FNDA:1,(anonymous_22)
FNDA:0,(anonymous_23)
FNDA:0,(anonymous_24)
FNDA:0,(anonymous_25)
FNDA:0,(anonymous_26)
FNDA:0,(anonymous_27)
FNDA:0,(anonymous_28)
FNDA:0,(anonymous_29)
DA:1,2
DA:2,2
DA:3,2
DA:4,2
DA:5,2
DA:7,2
DA:8,2
DA:9,2
DA:10,2
DA:12,2
DA:13,2
DA:14,2
DA:15,2
DA:17,2
DA:18,7
DA:19,6
DA:20,6
DA:21,6
DA:22,6
DA:23,6
DA:24,6
DA:25,6
DA:26,6
DA:27,6
DA:28,6
DA:29,6
DA:30,6
DA:31,6
DA:34,1
DA:35,0
DA:36,0
DA:37,0
DA:38,0
DA:39,0
DA:40,0
DA:41,0
DA:45,2
DA:46,2
DA:47,0
DA:48,2
DA:49,2
DA:50,0
DA:54,0
DA:62,0
DA:63,0
DA:70,0
DA:71,0
DA:75,0
DA:79,0
DA:86,0
DA:87,0
DA:99,0
DA:100,0
DA:101,0
DA:103,0
DA:109,0
DA:116,0
DA:117,0
DA:118,0
DA:131,6
DA:132,1
DA:135,6
DA:136,5
DA:139,6
DA:140,1
DA:141,1
DA:144,6
DA:176,0
DA:190,0
DA:204,0
DA:248,0
DA:262,0
DA:273,0
DA:282,0
LF:74
LH:41
BRDA:39,0,0,0
BRDA:39,0,1,0
BRDA:71,1,0,0
BRDA:100,2,0,0
BRDA:100,2,1,0
BRDA:271,3,0,0
BRDA:271,3,1,6
BRDA:273,4,0,0
BRDA:273,4,1,0
BRDA:280,5,0,0
BRDA:280,5,1,6
BRDA:282,6,0,0
BRDA:282,6,1,0
BRF:13
BRH:2
end_of_record
TN:
SF:src/screens/AdminUserProfileScreen/styles.ts
FNF:0
FNH:0
DA:1,2
DA:3,2
LF:2
LH:2
BRF:0
BRH:0
end_of_record
TN:
SF:src/screens/CalendarScreen/CalendarScreen.tsx
FN:6,CalendarScreen
FN:11,(anonymous_8)
FN:21,(anonymous_9)
FN:33,(anonymous_10)
FN:39,(anonymous_11)
FN:47,(anonymous_12)
FN:54,(anonymous_13)
FN:60,(anonymous_14)
FN:65,(anonymous_15)
FN:73,(anonymous_16)
FN:83,(anonymous_17)
FNF:11
FNH:3
FNDA:1,CalendarScreen
FNDA:1,(anonymous_8)
FNDA:1,(anonymous_9)
FNDA:0,(anonymous_10)
FNDA:0,(anonymous_11)
FNDA:0,(anonymous_12)
FNDA:0,(anonymous_13)
FNDA:0,(anonymous_14)
FNDA:0,(anonymous_15)
FNDA:0,(anonymous_16)
FNDA:0,(anonymous_17)
DA:1,2
DA:2,2
DA:3,2
DA:4,2
DA:6,2
DA:7,1
DA:8,1
DA:9,1
DA:11,1
DA:12,1
DA:13,1
DA:14,0
DA:15,0
DA:16,0
DA:17,0
DA:21,1
DA:22,1
DA:23,1
DA:24,0
DA:25,0
DA:33,1
DA:40,0
DA:41,0
DA:47,0
DA:54,1
DA:60,0
DA:66,0
DA:67,0
DA:73,0
DA:80,1
DA:83,0
LF:31
LH:17
BRDA:13,0,0,0
BRDA:23,1,0,0
BRDA:25,2,0,0
BRDA:25,2,1,0
BRF:4
BRH:0
end_of_record
TN:
SF:src/screens/CalendarScreen/styles.ts
FNF:0
FNH:0
DA:1,2
DA:3,2
LF:2
LH:2
BRF:0
BRH:0
end_of_record
TN:
SF:src/screens/EmployeeActivityScreen/EmployeeActivityScreen.tsx
FN:6,EmployeeActivityScreen
FN:77,populateList
FN:78,(anonymous_3)
FN:83,createListItem
FN:104,(anonymous_5)
FN:107,(anonymous_6)
FN:112,(anonymous_7)
FNF:7
FNH:5
FNDA:1,EmployeeActivityScreen
FNDA:0,populateList
FNDA:0,(anonymous_3)
FNDA:4,createListItem
FNDA:4,(anonymous_5)
FNDA:4,(anonymous_6)
FNDA:4,(anonymous_7)
DA:1,2
DA:2,2
DA:3,2
DA:4,2
DA:6,2
DA:8,1
DA:31,1
DA:54,1
DA:78,0
DA:79,0
DA:84,4
DA:95,1
DA:104,4
DA:108,4
DA:113,4
LF:15
LH:13
BRF:0
BRH:0
end_of_record
TN:
SF:src/screens/EmployeeActivityScreen/styles.ts
FNF:0
FNH:0
DA:1,2
DA:3,2
LF:2
LH:2
BRF:0
BRH:0
end_of_record
TN:
SF:src/screens/LoginScreen/LoginScreen.tsx
FN:16,LoginScreen
FN:20,(anonymous_8)
FN:22,(anonymous_9)
FN:39,(anonymous_10)
FN:52,(anonymous_11)
FN:62,(anonymous_12)
FNF:6
FNH:6
FNDA:9,LoginScreen
FNDA:2,(anonymous_8)
FNDA:1,(anonymous_9)
FNDA:1,(anonymous_10)
FNDA:1,(anonymous_11)
FNDA:2,(anonymous_12)
DA:1,2
DA:2,2
DA:10,2
DA:11,2
DA:12,2
DA:14,2
DA:16,2
DA:17,9
DA:18,9
DA:20,9
DA:21,2
DA:23,1
DA:24,1
DA:28,9
DA:40,1
DA:53,1
DA:63,2
LF:17
LH:17
BRF:0
BRH:0
end_of_record
TN:
SF:src/screens/LoginScreen/styles.ts
FNF:0
FNH:0
DA:1,2
DA:3,2
LF:2
LH:2
BRF:0
BRH:0
end_of_record
TN:
SF:src/screens/RegistrationScreen/RegistrationScreen.tsx
FN:11,RegistrationScreen
FN:22,ResetForm
FN:31,HandleAddUserBtn
FN:43,(anonymous_10)
FN:50,(anonymous_11)
FN:56,(anonymous_12)
FN:59,(anonymous_13)
FN:60,(anonymous_14)
FN:65,(anonymous_15)
FN:84,(anonymous_16)
FN:97,(anonymous_17)
FN:110,(anonymous_18)
FN:124,(anonymous_19)
FN:162,(anonymous_20)
FN:169,(anonymous_21)
FNF:15
FNH:15
FNDA:130,RegistrationScreen
FNDA:5,ResetForm
FNDA:6,HandleAddUserBtn
FNDA:4,(anonymous_10)
FNDA:1,(anonymous_11)
FNDA:21,(anonymous_12)
FNDA:14,(anonymous_13)
FNDA:1,(anonymous_14)
FNDA:67,(anonymous_15)
FNDA:9,(anonymous_16)
FNDA:8,(anonymous_17)
FNDA:6,(anonymous_18)
FNDA:6,(anonymous_19)
FNDA:8,(anonymous_20)
FNDA:1,(anonymous_21)
DA:1,2
DA:2,2
DA:3,2
DA:4,2
DA:5,2
DA:6,2
DA:7,2
DA:8,2
DA:9,2
DA:11,2
DA:12,130
DA:13,129
DA:14,129
DA:15,129
DA:16,129
DA:17,129
DA:18,129
DA:19,129
DA:20,129
DA:23,5
DA:24,5
DA:25,5
DA:26,5
DA:27,5
DA:28,5
DA:32,6
DA:33,5
DA:44,4
DA:48,4
DA:50,1
DA:52,1
DA:56,129
DA:57,21
DA:58,15
DA:59,14
DA:60,1
DA:65,129
DA:66,67
DA:67,6
DA:69,61
DA:73,129
DA:85,9
DA:98,8
DA:111,6
DA:125,6
DA:163,8
DA:169,1
LF:47
LH:47
BRDA:32,0,0,5
BRDA:32,0,1,1
BRDA:57,1,0,15
BRDA:66,2,0,6
BRDA:66,2,1,61
BRDA:66,3,0,67
BRDA:66,3,1,35
BRDA:66,3,2,26
BRDA:66,3,3,18
BRDA:66,3,4,6
BRDA:161,4,0,15
BRDA:161,4,1,114
BRDA:163,5,0,6
BRDA:163,5,1,2
BRF:14
BRH:14
end_of_record
TN:
SF:src/screens/RegistrationScreen/styles.ts
FNF:0
FNH:0
DA:1,2
DA:3,2
LF:2
LH:2
BRF:0
BRH:0
end_of_record
TN:
SF:src/screens/UserProfileScreen/UserProfileScreen.tsx
FN:12,UserProfileScreen
FN:19,RenderUserData
FN:20,(anonymous_9)
FN:28,createUserDataObject
FN:37,HandleUpdateBtn
FN:44,(anonymous_12)
FN:61,(anonymous_13)
FN:73,(anonymous_14)
FN:98,(anonymous_15)
FN:111,(anonymous_16)
FN:124,(anonymous_17)
FN:144,(anonymous_18)
FNF:12
FNH:12
FNDA:37,UserProfileScreen
FNDA:8,RenderUserData
FNDA:8,(anonymous_9)
FNDA:2,createUserDataObject
FNDA:3,HandleUpdateBtn
FNDA:2,(anonymous_12)
FNDA:1,(anonymous_13)
FNDA:5,(anonymous_14)
FNDA:2,(anonymous_15)
FNDA:1,(anonymous_16)
FNDA:1,(anonymous_17)
FNDA:3,(anonymous_18)
DA:1,2
DA:2,2
DA:3,2
DA:5,2
DA:6,2
DA:7,2
DA:8,2
DA:9,2
DA:12,2
DA:13,37
DA:14,36
DA:15,36
DA:16,36
DA:17,36
DA:20,8
DA:21,8
DA:22,8
DA:23,8
DA:24,8
DA:29,2
DA:38,3
DA:45,2
DA:46,2
DA:50,2
DA:55,2
DA:61,1
DA:73,36
DA:74,5
DA:77,36
DA:99,2
DA:112,1
DA:125,1
DA:145,3
LF:33
LH:33
BRDA:46,0,0,2
BRF:1
BRH:1
end_of_record
TN:
SF:src/screens/UserProfileScreen/styles.ts
FNF:0
FNH:0
DA:1,2
DA:3,2
LF:2
LH:2
BRF:0
BRH:0
end_of_record
TN:
SF:src/types/AppUser.d.ts
FNF:0
FNH:0
LF:0
LH:0
BRF:0
BRH:0
end_of_record
